0 info it worked if it ends with ok
1 verbose cli [ 'c:\\Program Files\\nodejs\\node.exe',
1 verbose cli   'c:\\Program Files\\nodejs\\node_modules\\npm\\bin\\npm-cli.js',
1 verbose cli   'adduser' ]
2 info using npm@1.3.8
3 info using node@v0.10.18
4 verbose adduser before first PUT { name: 'dlepaux',
4 verbose adduser   salt: 'XXXXX',
4 verbose adduser   password_sha: 'XXXXX',
4 verbose adduser   email: 'd.lepaux@gmail.com',
4 verbose adduser   _id: 'org.couchdb.user:dlepaux',
4 verbose adduser   type: 'user',
4 verbose adduser   roles: [],
4 verbose adduser   date: '2015-07-22T08:18:13.895Z' }
5 verbose url raw /-/user/org.couchdb.user:dlepaux
6 verbose url resolving [ 'https://registry.npmjs.org/',
6 verbose url resolving   './-/user/org.couchdb.user:dlepaux' ]
7 verbose url resolved https://registry.npmjs.org/-/user/org.couchdb.user:dlepaux
8 info trying registry request attempt 1 at 10:18:13
9 http PUT https://registry.npmjs.org/-/user/org.couchdb.user:dlepaux
10 http 400 https://registry.npmjs.org/-/user/org.couchdb.user:dlepaux
11 verbose adduser back [ [Error: Unknown error while authenticating : -/user/org.couchdb.user:dlepaux],
11 verbose adduser   { ok: false, error: 'Unknown error while authenticating' },
11 verbose adduser   '{"ok":false,"error":"Unknown error while authenticating"}' ]
12 error Error: Unknown error while authenticating : -/user/org.couchdb.user:dlepaux
12 error     at RegClient.<anonymous> (c:\Program Files\nodejs\node_modules\npm\node_modules\npm-registry-client\lib\request.js:272:14)
12 error     at Request.self.callback (c:\Program Files\nodejs\node_modules\npm\node_modules\request\index.js:148:22)
12 error     at Request.EventEmitter.emit (events.js:98:17)
12 error     at Request.<anonymous> (c:\Program Files\nodejs\node_modules\npm\node_modules\request\index.js:891:14)
12 error     at Request.EventEmitter.emit (events.js:117:20)
12 error     at IncomingMessage.<anonymous> (c:\Program Files\nodejs\node_modules\npm\node_modules\request\index.js:842:12)
12 error     at IncomingMessage.EventEmitter.emit (events.js:117:20)
12 error     at _stream_readable.js:920:16
12 error     at process._tickCallback (node.js:415:13)
13 error If you need help, you may report this log at:
13 error     <http://github.com/isaacs/npm/issues>
13 error or email it to:
13 error     <npm-@googlegroups.com>
14 error System Windows_NT 6.1.7601
15 error command "c:\\Program Files\\nodejs\\node.exe" "c:\\Program Files\\nodejs\\node_modules\\npm\\bin\\npm-cli.js" "adduser"
16 error cwd c:\project.dev\brunch-hash
17 error node -v v0.10.18
18 error npm -v 1.3.8
19 verbose exit [ 1, true ]
